{"level":"info","message":"Starting the express app","timestamp":"2018-08-11T06:08:20.658Z"}
{"level":"info","message":"Started the express microservice.","timestamp":"2018-08-11T06:08:20.816Z"}
{"level":"info","message":"Starting the express app","timestamp":"2018-08-11T06:21:39.061Z"}
{"level":"info","message":"Started the express microservice.","timestamp":"2018-08-11T06:21:39.432Z"}
{"level":"info","message":"Starting the express app","timestamp":"2018-08-11T06:21:48.850Z"}
{"level":"info","message":"Started the express microservice.","timestamp":"2018-08-11T06:21:48.891Z"}
{"level":"info","message":"Starting the express app","timestamp":"2018-08-11T06:23:11.619Z"}
{"level":"info","message":"Started the express microservice.","timestamp":"2018-08-11T06:23:11.663Z"}
{"level":"info","message":"Starting the express app","timestamp":"2018-08-11T06:23:51.709Z"}
{"level":"info","message":"Started the express microservice.","timestamp":"2018-08-11T06:23:51.761Z"}
{"level":"info","message":"Starting the express app","timestamp":"2018-08-11T06:33:15.953Z"}
{"level":"info","message":"Started the express microservice.","timestamp":"2018-08-11T06:33:16.265Z"}
{"level":"info","message":"Starting the express app","timestamp":"2018-08-11T06:37:05.346Z"}
{"level":"info","message":"Started the express microservice.","timestamp":"2018-08-11T06:37:05.384Z"}
{"level":"info","message":"Starting the express app","timestamp":"2018-08-11T06:40:16.230Z"}
{"level":"info","message":"Started the express microservice.","timestamp":"2018-08-11T06:40:16.496Z"}
{"level":"info","message":"Starting the express app","timestamp":"2018-08-11T06:41:09.637Z"}
{"level":"info","message":"Started the express microservice.","timestamp":"2018-08-11T06:41:09.676Z"}
{"level":"info","message":"Starting the express app","timestamp":"2018-08-11T06:41:18.199Z"}
{"level":"info","message":"Started the express microservice.","timestamp":"2018-08-11T06:41:18.239Z"}
{"level":"info","message":"Starting the express app","timestamp":"2018-08-11T06:42:24.833Z"}
{"level":"info","message":"Started the express microservice.","timestamp":"2018-08-11T06:42:24.885Z"}
{"level":"info","message":"Starting the express app","timestamp":"2018-08-11T06:42:57.469Z"}
{"level":"info","message":"Started the express microservice.","timestamp":"2018-08-11T06:42:57.515Z"}
{"level":"error","message":"Failed","timestamp":"2018-08-11T06:43:32.509Z"}
{"level":"error","message":"Failed","timestamp":"2018-08-11T06:43:39.736Z"}
{"level":"info","message":"Starting the express app","timestamp":"2018-08-11T06:47:05.756Z"}
{"level":"info","message":"Started the express microservice.","timestamp":"2018-08-11T06:47:05.949Z"}
{"level":"info","message":"Starting the express app","timestamp":"2018-08-11T06:50:27.495Z"}
{"level":"info","message":"Started the express microservice.","timestamp":"2018-08-11T06:50:27.653Z"}
{"level":"error","message":"Failed","timestamp":"2018-08-11T06:50:33.583Z"}
{"level":"info","message":"Starting the express app","timestamp":"2018-08-11T06:53:54.274Z"}
{"level":"info","message":"Started the express microservice.","timestamp":"2018-08-11T06:53:54.573Z"}
{"level":"error","message":"Failed","timestamp":"2018-08-11T06:54:01.230Z"}
{"level":"info","message":"Starting the express app","timestamp":"2018-08-11T06:58:36.591Z"}
{"level":"info","message":"Started the express microservice.","timestamp":"2018-08-11T06:58:36.644Z"}
{"level":"info","message":"Starting the express app","timestamp":"2018-08-11T06:59:20.165Z"}
{"level":"info","message":"Started the express microservice.","timestamp":"2018-08-11T06:59:20.206Z"}
{"level":"info","message":"Starting the express app","timestamp":"2018-08-11T06:59:58.904Z"}
{"level":"info","message":"Started the express microservice.","timestamp":"2018-08-11T06:59:58.952Z"}
{"level":"info","message":"Starting the express app","timestamp":"2018-08-11T07:00:29.782Z"}
{"level":"info","message":"Started the express microservice.","timestamp":"2018-08-11T07:00:29.828Z"}
{"level":"info","message":"Starting the express app","timestamp":"2018-08-11T07:02:19.081Z"}
{"level":"info","message":"Started the express microservice.","timestamp":"2018-08-11T07:02:19.124Z"}
{"level":"info","message":"Starting the express app","timestamp":"2018-08-11T07:02:31.372Z"}
{"level":"info","message":"Started the express microservice.","timestamp":"2018-08-11T07:02:31.408Z"}
{"level":"info","message":"Starting the express app","timestamp":"2018-08-11T07:03:10.835Z"}
{"level":"info","message":"Started the express microservice.","timestamp":"2018-08-11T07:03:10.884Z"}
{"level":"info","message":"Starting the express app","timestamp":"2018-08-11T07:07:49.726Z"}
{"level":"info","message":"Started the express microservice.","timestamp":"2018-08-11T07:07:49.774Z"}
{"level":"info","message":"Starting the express app","timestamp":"2018-08-11T07:08:42.419Z"}
{"level":"info","message":"Started the express microservice.","timestamp":"2018-08-11T07:08:42.461Z"}
{"level":"info","message":"Starting the express app","timestamp":"2018-08-11T07:09:21.491Z"}
{"level":"info","message":"Started the express microservice.","timestamp":"2018-08-11T07:09:21.531Z"}
{"message":"Route /somesample/ failed with error","stack":"TypeError: Cannot read property 'then' of undefined\n    at /home/rajes/Documents/repos/data-visuals/routes/visuals.js:89:17\n    at Layer.handle [as handle_request] (/home/rajes/Documents/repos/data-visuals/node_modules/express/lib/router/layer.js:95:5)\n    at next (/home/rajes/Documents/repos/data-visuals/node_modules/express/lib/router/route.js:137:13)\n    at Route.dispatch (/home/rajes/Documents/repos/data-visuals/node_modules/express/lib/router/route.js:112:3)\n    at Layer.handle [as handle_request] (/home/rajes/Documents/repos/data-visuals/node_modules/express/lib/router/layer.js:95:5)\n    at /home/rajes/Documents/repos/data-visuals/node_modules/express/lib/router/index.js:281:22\n    at Function.process_params (/home/rajes/Documents/repos/data-visuals/node_modules/express/lib/router/index.js:335:12)\n    at next (/home/rajes/Documents/repos/data-visuals/node_modules/express/lib/router/index.js:275:10)\n    at Function.handle (/home/rajes/Documents/repos/data-visuals/node_modules/express/lib/router/index.js:174:3)\n    at router (/home/rajes/Documents/repos/data-visuals/node_modules/express/lib/router/index.js:47:12)\n    at Layer.handle [as handle_request] (/home/rajes/Documents/repos/data-visuals/node_modules/express/lib/router/layer.js:95:5)\n    at trim_prefix (/home/rajes/Documents/repos/data-visuals/node_modules/express/lib/router/index.js:317:13)\n    at /home/rajes/Documents/repos/data-visuals/node_modules/express/lib/router/index.js:284:7\n    at Function.process_params (/home/rajes/Documents/repos/data-visuals/node_modules/express/lib/router/index.js:335:12)\n    at next (/home/rajes/Documents/repos/data-visuals/node_modules/express/lib/router/index.js:275:10)\n    at Function.handle (/home/rajes/Documents/repos/data-visuals/node_modules/express/lib/router/index.js:174:3)","level":"error","timestamp":"2018-08-11T07:09:33.114Z"}
{"level":"info","message":"Starting the express app","timestamp":"2018-08-11T07:10:03.276Z"}
{"level":"info","message":"Started the express microservice.","timestamp":"2018-08-11T07:10:03.313Z"}
{"level":"info","message":"Starting the express app","timestamp":"2018-08-11T07:17:59.120Z"}
{"level":"info","message":"Started the express microservice.","timestamp":"2018-08-11T07:17:59.164Z"}
{"message":"Route /somesample/ failed with error","stack":"ReferenceError: promise is not defined\n    at /home/rajes/Documents/repos/data-visuals/routes/visuals.js:93:9\n    at Layer.handle [as handle_request] (/home/rajes/Documents/repos/data-visuals/node_modules/express/lib/router/layer.js:95:5)\n    at next (/home/rajes/Documents/repos/data-visuals/node_modules/express/lib/router/route.js:137:13)\n    at Route.dispatch (/home/rajes/Documents/repos/data-visuals/node_modules/express/lib/router/route.js:112:3)\n    at Layer.handle [as handle_request] (/home/rajes/Documents/repos/data-visuals/node_modules/express/lib/router/layer.js:95:5)\n    at /home/rajes/Documents/repos/data-visuals/node_modules/express/lib/router/index.js:281:22\n    at Function.process_params (/home/rajes/Documents/repos/data-visuals/node_modules/express/lib/router/index.js:335:12)\n    at next (/home/rajes/Documents/repos/data-visuals/node_modules/express/lib/router/index.js:275:10)\n    at Function.handle (/home/rajes/Documents/repos/data-visuals/node_modules/express/lib/router/index.js:174:3)\n    at router (/home/rajes/Documents/repos/data-visuals/node_modules/express/lib/router/index.js:47:12)\n    at Layer.handle [as handle_request] (/home/rajes/Documents/repos/data-visuals/node_modules/express/lib/router/layer.js:95:5)\n    at trim_prefix (/home/rajes/Documents/repos/data-visuals/node_modules/express/lib/router/index.js:317:13)\n    at /home/rajes/Documents/repos/data-visuals/node_modules/express/lib/router/index.js:284:7\n    at Function.process_params (/home/rajes/Documents/repos/data-visuals/node_modules/express/lib/router/index.js:335:12)\n    at next (/home/rajes/Documents/repos/data-visuals/node_modules/express/lib/router/index.js:275:10)\n    at Function.handle (/home/rajes/Documents/repos/data-visuals/node_modules/express/lib/router/index.js:174:3)","level":"error","timestamp":"2018-08-11T07:18:06.650Z"}
{"level":"info","message":"Starting the express app","timestamp":"2018-08-11T07:18:46.715Z"}
{"level":"info","message":"Started the express microservice.","timestamp":"2018-08-11T07:18:46.758Z"}
{"message":"Route /somesample/ failed with error","stack":"TypeError: Cannot read property 'then' of undefined\n    at /home/rajes/Documents/repos/data-visuals/routes/visuals.js:90:58\n    at Layer.handle [as handle_request] (/home/rajes/Documents/repos/data-visuals/node_modules/express/lib/router/layer.js:95:5)\n    at next (/home/rajes/Documents/repos/data-visuals/node_modules/express/lib/router/route.js:137:13)\n    at Route.dispatch (/home/rajes/Documents/repos/data-visuals/node_modules/express/lib/router/route.js:112:3)\n    at Layer.handle [as handle_request] (/home/rajes/Documents/repos/data-visuals/node_modules/express/lib/router/layer.js:95:5)\n    at /home/rajes/Documents/repos/data-visuals/node_modules/express/lib/router/index.js:281:22\n    at Function.process_params (/home/rajes/Documents/repos/data-visuals/node_modules/express/lib/router/index.js:335:12)\n    at next (/home/rajes/Documents/repos/data-visuals/node_modules/express/lib/router/index.js:275:10)\n    at Function.handle (/home/rajes/Documents/repos/data-visuals/node_modules/express/lib/router/index.js:174:3)\n    at router (/home/rajes/Documents/repos/data-visuals/node_modules/express/lib/router/index.js:47:12)\n    at Layer.handle [as handle_request] (/home/rajes/Documents/repos/data-visuals/node_modules/express/lib/router/layer.js:95:5)\n    at trim_prefix (/home/rajes/Documents/repos/data-visuals/node_modules/express/lib/router/index.js:317:13)\n    at /home/rajes/Documents/repos/data-visuals/node_modules/express/lib/router/index.js:284:7\n    at Function.process_params (/home/rajes/Documents/repos/data-visuals/node_modules/express/lib/router/index.js:335:12)\n    at next (/home/rajes/Documents/repos/data-visuals/node_modules/express/lib/router/index.js:275:10)\n    at Function.handle (/home/rajes/Documents/repos/data-visuals/node_modules/express/lib/router/index.js:174:3)","level":"error","timestamp":"2018-08-11T07:18:52.322Z"}
{"level":"info","message":"Starting the express app","timestamp":"2018-08-11T07:19:21.346Z"}
{"level":"info","message":"Started the express microservice.","timestamp":"2018-08-11T07:19:21.407Z"}
{"message":"Route /somesample/ failed with error","stack":"ReferenceError: promise is not defined\n    at /home/rajes/Documents/repos/data-visuals/routes/visuals.js:93:9\n    at Layer.handle [as handle_request] (/home/rajes/Documents/repos/data-visuals/node_modules/express/lib/router/layer.js:95:5)\n    at next (/home/rajes/Documents/repos/data-visuals/node_modules/express/lib/router/route.js:137:13)\n    at Route.dispatch (/home/rajes/Documents/repos/data-visuals/node_modules/express/lib/router/route.js:112:3)\n    at Layer.handle [as handle_request] (/home/rajes/Documents/repos/data-visuals/node_modules/express/lib/router/layer.js:95:5)\n    at /home/rajes/Documents/repos/data-visuals/node_modules/express/lib/router/index.js:281:22\n    at Function.process_params (/home/rajes/Documents/repos/data-visuals/node_modules/express/lib/router/index.js:335:12)\n    at next (/home/rajes/Documents/repos/data-visuals/node_modules/express/lib/router/index.js:275:10)\n    at Function.handle (/home/rajes/Documents/repos/data-visuals/node_modules/express/lib/router/index.js:174:3)\n    at router (/home/rajes/Documents/repos/data-visuals/node_modules/express/lib/router/index.js:47:12)\n    at Layer.handle [as handle_request] (/home/rajes/Documents/repos/data-visuals/node_modules/express/lib/router/layer.js:95:5)\n    at trim_prefix (/home/rajes/Documents/repos/data-visuals/node_modules/express/lib/router/index.js:317:13)\n    at /home/rajes/Documents/repos/data-visuals/node_modules/express/lib/router/index.js:284:7\n    at Function.process_params (/home/rajes/Documents/repos/data-visuals/node_modules/express/lib/router/index.js:335:12)\n    at next (/home/rajes/Documents/repos/data-visuals/node_modules/express/lib/router/index.js:275:10)\n    at Function.handle (/home/rajes/Documents/repos/data-visuals/node_modules/express/lib/router/index.js:174:3)","level":"error","timestamp":"2018-08-11T07:19:26.763Z"}
{"level":"info","message":"Starting the express app","timestamp":"2018-08-11T07:24:28.392Z"}
{"level":"info","message":"Started the express microservice.","timestamp":"2018-08-11T07:24:28.451Z"}
{"message":"Route /somesample/ failed with error","stack":"ReferenceError: promise is not defined\n    at /home/rajes/Documents/repos/data-visuals/routes/visuals.js:93:9\n    at Layer.handle [as handle_request] (/home/rajes/Documents/repos/data-visuals/node_modules/express/lib/router/layer.js:95:5)\n    at next (/home/rajes/Documents/repos/data-visuals/node_modules/express/lib/router/route.js:137:13)\n    at Route.dispatch (/home/rajes/Documents/repos/data-visuals/node_modules/express/lib/router/route.js:112:3)\n    at Layer.handle [as handle_request] (/home/rajes/Documents/repos/data-visuals/node_modules/express/lib/router/layer.js:95:5)\n    at /home/rajes/Documents/repos/data-visuals/node_modules/express/lib/router/index.js:281:22\n    at Function.process_params (/home/rajes/Documents/repos/data-visuals/node_modules/express/lib/router/index.js:335:12)\n    at next (/home/rajes/Documents/repos/data-visuals/node_modules/express/lib/router/index.js:275:10)\n    at Function.handle (/home/rajes/Documents/repos/data-visuals/node_modules/express/lib/router/index.js:174:3)\n    at router (/home/rajes/Documents/repos/data-visuals/node_modules/express/lib/router/index.js:47:12)\n    at Layer.handle [as handle_request] (/home/rajes/Documents/repos/data-visuals/node_modules/express/lib/router/layer.js:95:5)\n    at trim_prefix (/home/rajes/Documents/repos/data-visuals/node_modules/express/lib/router/index.js:317:13)\n    at /home/rajes/Documents/repos/data-visuals/node_modules/express/lib/router/index.js:284:7\n    at Function.process_params (/home/rajes/Documents/repos/data-visuals/node_modules/express/lib/router/index.js:335:12)\n    at next (/home/rajes/Documents/repos/data-visuals/node_modules/express/lib/router/index.js:275:10)\n    at Function.handle (/home/rajes/Documents/repos/data-visuals/node_modules/express/lib/router/index.js:174:3)","level":"error","timestamp":"2018-08-11T07:24:47.274Z"}
{"level":"info","message":"Starting the express app","timestamp":"2018-08-11T07:25:25.101Z"}
{"level":"info","message":"Started the express microservice.","timestamp":"2018-08-11T07:25:25.144Z"}
{"level":"info","message":"Starting the express app","timestamp":"2018-08-11T07:28:42.458Z"}
{"level":"info","message":"Started the express microservice.","timestamp":"2018-08-11T07:28:42.498Z"}
{"level":"info","message":"Starting the express app","timestamp":"2018-08-11T07:30:04.397Z"}
{"level":"info","message":"Started the express microservice.","timestamp":"2018-08-11T07:30:04.444Z"}
{"level":"info","message":"Starting the express app","timestamp":"2018-08-11T07:30:17.896Z"}
{"level":"info","message":"Started the express microservice.","timestamp":"2018-08-11T07:30:17.941Z"}
{"level":"info","message":"Starting the express app","timestamp":"2018-08-11T07:31:23.149Z"}
{"level":"info","message":"Started the express microservice.","timestamp":"2018-08-11T07:31:23.199Z"}
{"level":"info","message":"Starting the express app","timestamp":"2018-08-11T07:31:34.002Z"}
{"level":"info","message":"Started the express microservice.","timestamp":"2018-08-11T07:31:34.060Z"}
{"level":"info","message":"Starting the express app","timestamp":"2018-08-11T07:31:41.870Z"}
{"level":"info","message":"Started the express microservice.","timestamp":"2018-08-11T07:31:41.913Z"}
{"level":"info","message":"Starting the express app","timestamp":"2018-08-11T07:45:22.267Z"}
{"level":"info","message":"Started the express microservice.","timestamp":"2018-08-11T07:45:22.307Z"}
{"level":"info","message":"Starting the express app","timestamp":"2018-08-11T07:45:29.644Z"}
{"level":"info","message":"Started the express microservice.","timestamp":"2018-08-11T07:45:29.684Z"}
{"level":"info","message":"Starting the express app","timestamp":"2018-08-11T07:45:51.077Z"}
{"level":"info","message":"Started the express microservice.","timestamp":"2018-08-11T07:45:51.139Z"}
{"level":"info","message":"Starting the express app","timestamp":"2018-08-11T07:48:28.654Z"}
{"level":"info","message":"Started the express microservice.","timestamp":"2018-08-11T07:48:28.691Z"}
{"level":"error","message":"Failed","timestamp":"2018-08-11T07:48:37.407Z"}
{"level":"info","message":"Starting the express app","timestamp":"2018-08-11T07:50:11.925Z"}
{"level":"info","message":"Started the express microservice.","timestamp":"2018-08-11T07:50:11.983Z"}
{"level":"error","message":"Failed","timestamp":"2018-08-11T07:50:17.790Z"}
{"level":"info","message":"Starting the express app","timestamp":"2018-08-11T07:50:44.487Z"}
{"level":"info","message":"Started the express microservice.","timestamp":"2018-08-11T07:50:44.539Z"}
{"level":"error","message":"Failed","timestamp":"2018-08-11T07:50:49.153Z"}
{"level":"info","message":"Starting the express app","timestamp":"2018-08-11T07:51:16.522Z"}
{"level":"info","message":"Started the express microservice.","timestamp":"2018-08-11T07:51:16.570Z"}
{"level":"error","message":"Failed","timestamp":"2018-08-11T07:51:21.421Z"}
{"level":"info","message":"Starting the express app","timestamp":"2018-08-11T07:51:35.103Z"}
{"level":"info","message":"Started the express microservice.","timestamp":"2018-08-11T07:51:35.140Z"}
{"level":"info","message":"Starting the express app","timestamp":"2018-08-11T07:56:43.580Z"}
{"level":"info","message":"Started the express microservice.","timestamp":"2018-08-11T07:56:43.620Z"}
{"level":"info","message":"Starting the express app","timestamp":"2018-08-11T07:56:59.843Z"}
{"level":"info","message":"Started the express microservice.","timestamp":"2018-08-11T07:56:59.887Z"}
{"level":"info","message":"Starting the express app","timestamp":"2018-08-11T07:58:55.110Z"}
{"level":"info","message":"Started the express microservice.","timestamp":"2018-08-11T07:58:55.156Z"}
{"level":"info","message":"Starting the express app","timestamp":"2018-08-11T07:59:59.539Z"}
{"level":"info","message":"Started the express microservice.","timestamp":"2018-08-11T07:59:59.585Z"}
{"level":"info","message":"Starting the express app","timestamp":"2018-08-11T08:01:31.260Z"}
{"level":"info","message":"Started the express microservice.","timestamp":"2018-08-11T08:01:31.307Z"}
{"level":"info","message":"Starting the express app","timestamp":"2018-08-11T08:03:05.029Z"}
{"level":"info","message":"Started the express microservice.","timestamp":"2018-08-11T08:03:05.071Z"}
{"level":"info","message":"Starting the express app","timestamp":"2018-08-11T08:05:11.203Z"}
{"level":"info","message":"Started the express microservice.","timestamp":"2018-08-11T08:05:11.242Z"}
{"level":"info","message":"Starting the express app","timestamp":"2018-08-11T08:06:46.669Z"}
{"level":"info","message":"Started the express microservice.","timestamp":"2018-08-11T08:06:46.738Z"}
{"level":"info","message":"Starting the express app","timestamp":"2018-08-11T08:12:19.735Z"}
{"level":"info","message":"Started the express microservice.","timestamp":"2018-08-11T08:12:19.778Z"}
{"level":"info","message":"Starting the express app","timestamp":"2018-08-11T08:12:39.426Z"}
{"level":"info","message":"Started the express microservice.","timestamp":"2018-08-11T08:12:39.477Z"}
{"level":"info","message":"Starting the express app","timestamp":"2018-08-11T08:15:37.070Z"}
{"level":"info","message":"Started the express microservice.","timestamp":"2018-08-11T08:15:37.110Z"}
{"level":"info","message":"Starting the express app","timestamp":"2018-08-11T08:16:47.090Z"}
{"level":"info","message":"Started the express microservice.","timestamp":"2018-08-11T08:16:47.130Z"}
{"level":"info","message":"Starting the express app","timestamp":"2018-08-11T08:16:53.438Z"}
{"level":"info","message":"Started the express microservice.","timestamp":"2018-08-11T08:16:53.479Z"}
{"level":"info","message":"Starting the express app","timestamp":"2018-08-11T08:16:58.339Z"}
{"level":"info","message":"Started the express microservice.","timestamp":"2018-08-11T08:16:58.379Z"}
{"level":"info","message":"Starting the express app","timestamp":"2018-08-11T08:17:27.399Z"}
{"level":"info","message":"Started the express microservice.","timestamp":"2018-08-11T08:17:27.439Z"}
{"level":"info","message":"Starting the express app","timestamp":"2018-08-11T08:17:32.285Z"}
{"level":"info","message":"Started the express microservice.","timestamp":"2018-08-11T08:17:32.324Z"}
{"level":"info","message":"Starting the express app","timestamp":"2018-08-11T09:04:55.901Z"}
{"level":"info","message":"Started the express microservice.","timestamp":"2018-08-11T09:04:55.952Z"}
{"level":"info","message":"Starting the express app","timestamp":"2018-08-11T09:05:19.317Z"}
{"level":"info","message":"Started the express microservice.","timestamp":"2018-08-11T09:05:19.363Z"}
{"level":"info","message":"Starting the express app","timestamp":"2018-08-11T09:05:33.562Z"}
{"level":"info","message":"Started the express microservice.","timestamp":"2018-08-11T09:05:33.605Z"}
{"message":"Route /somesample/ failed with error","stack":"TypeError: visualService.getMachineData(...).subscribe is not a function\n    at /home/rajes/Documents/repos/data-visuals/routes/visuals.js:86:56\n    at Layer.handle [as handle_request] (/home/rajes/Documents/repos/data-visuals/node_modules/express/lib/router/layer.js:95:5)\n    at next (/home/rajes/Documents/repos/data-visuals/node_modules/express/lib/router/route.js:137:13)\n    at Route.dispatch (/home/rajes/Documents/repos/data-visuals/node_modules/express/lib/router/route.js:112:3)\n    at Layer.handle [as handle_request] (/home/rajes/Documents/repos/data-visuals/node_modules/express/lib/router/layer.js:95:5)\n    at /home/rajes/Documents/repos/data-visuals/node_modules/express/lib/router/index.js:281:22\n    at Function.process_params (/home/rajes/Documents/repos/data-visuals/node_modules/express/lib/router/index.js:335:12)\n    at next (/home/rajes/Documents/repos/data-visuals/node_modules/express/lib/router/index.js:275:10)\n    at Function.handle (/home/rajes/Documents/repos/data-visuals/node_modules/express/lib/router/index.js:174:3)\n    at router (/home/rajes/Documents/repos/data-visuals/node_modules/express/lib/router/index.js:47:12)\n    at Layer.handle [as handle_request] (/home/rajes/Documents/repos/data-visuals/node_modules/express/lib/router/layer.js:95:5)\n    at trim_prefix (/home/rajes/Documents/repos/data-visuals/node_modules/express/lib/router/index.js:317:13)\n    at /home/rajes/Documents/repos/data-visuals/node_modules/express/lib/router/index.js:284:7\n    at Function.process_params (/home/rajes/Documents/repos/data-visuals/node_modules/express/lib/router/index.js:335:12)\n    at next (/home/rajes/Documents/repos/data-visuals/node_modules/express/lib/router/index.js:275:10)\n    at Function.handle (/home/rajes/Documents/repos/data-visuals/node_modules/express/lib/router/index.js:174:3)","level":"error","timestamp":"2018-08-11T09:05:38.372Z"}
{"level":"info","message":"Starting the express app","timestamp":"2018-08-11T09:06:03.235Z"}
{"level":"info","message":"Started the express microservice.","timestamp":"2018-08-11T09:06:03.274Z"}
{"level":"info","message":"Starting the express app","timestamp":"2018-08-11T09:06:12.908Z"}
{"level":"info","message":"Started the express microservice.","timestamp":"2018-08-11T09:06:12.954Z"}
{"level":"info","message":"Starting the express app","timestamp":"2018-08-11T09:06:20.738Z"}
{"level":"info","message":"Started the express microservice.","timestamp":"2018-08-11T09:06:20.779Z"}
{"message":"Route /somesample/ failed with error","stack":"TypeError: Cannot read property 'subscribe' of undefined\n    at /home/rajes/Documents/repos/data-visuals/routes/visuals.js:86:58\n    at Layer.handle [as handle_request] (/home/rajes/Documents/repos/data-visuals/node_modules/express/lib/router/layer.js:95:5)\n    at next (/home/rajes/Documents/repos/data-visuals/node_modules/express/lib/router/route.js:137:13)\n    at Route.dispatch (/home/rajes/Documents/repos/data-visuals/node_modules/express/lib/router/route.js:112:3)\n    at Layer.handle [as handle_request] (/home/rajes/Documents/repos/data-visuals/node_modules/express/lib/router/layer.js:95:5)\n    at /home/rajes/Documents/repos/data-visuals/node_modules/express/lib/router/index.js:281:22\n    at Function.process_params (/home/rajes/Documents/repos/data-visuals/node_modules/express/lib/router/index.js:335:12)\n    at next (/home/rajes/Documents/repos/data-visuals/node_modules/express/lib/router/index.js:275:10)\n    at Function.handle (/home/rajes/Documents/repos/data-visuals/node_modules/express/lib/router/index.js:174:3)\n    at router (/home/rajes/Documents/repos/data-visuals/node_modules/express/lib/router/index.js:47:12)\n    at Layer.handle [as handle_request] (/home/rajes/Documents/repos/data-visuals/node_modules/express/lib/router/layer.js:95:5)\n    at trim_prefix (/home/rajes/Documents/repos/data-visuals/node_modules/express/lib/router/index.js:317:13)\n    at /home/rajes/Documents/repos/data-visuals/node_modules/express/lib/router/index.js:284:7\n    at Function.process_params (/home/rajes/Documents/repos/data-visuals/node_modules/express/lib/router/index.js:335:12)\n    at next (/home/rajes/Documents/repos/data-visuals/node_modules/express/lib/router/index.js:275:10)\n    at Function.handle (/home/rajes/Documents/repos/data-visuals/node_modules/express/lib/router/index.js:174:3)","level":"error","timestamp":"2018-08-11T09:06:25.541Z"}
{"level":"info","message":"Starting the express app","timestamp":"2018-08-11T09:07:14.575Z"}
{"level":"info","message":"Started the express microservice.","timestamp":"2018-08-11T09:07:14.616Z"}
{"level":"info","message":"Starting the express app","timestamp":"2018-08-11T09:07:20.808Z"}
{"level":"info","message":"Started the express microservice.","timestamp":"2018-08-11T09:07:20.846Z"}
{"level":"info","message":"Starting the express app","timestamp":"2018-08-11T09:07:24.236Z"}
{"level":"info","message":"Started the express microservice.","timestamp":"2018-08-11T09:07:24.280Z"}
{"level":"info","message":"Starting the express app","timestamp":"2018-08-11T09:13:59.569Z"}
{"level":"info","message":"Started the express microservice.","timestamp":"2018-08-11T09:13:59.597Z"}
{"level":"info","message":"Starting the express app","timestamp":"2018-08-11T09:14:50.641Z"}
{"level":"info","message":"Started the express microservice.","timestamp":"2018-08-11T09:14:50.670Z"}
{"level":"info","message":"Starting the express app","timestamp":"2018-08-11T09:15:02.850Z"}
{"level":"info","message":"Started the express microservice.","timestamp":"2018-08-11T09:15:02.881Z"}
{"level":"info","message":"Starting the express app","timestamp":"2018-08-11T09:16:20.089Z"}
{"level":"info","message":"Started the express microservice.","timestamp":"2018-08-11T09:16:20.137Z"}
{"level":"info","message":"Starting the express app","timestamp":"2018-08-11T09:16:57.020Z"}
{"level":"info","message":"Started the express microservice.","timestamp":"2018-08-11T09:16:57.067Z"}
{"level":"info","message":"Starting the express app","timestamp":"2018-08-11T09:17:31.967Z"}
{"level":"info","message":"Started the express microservice.","timestamp":"2018-08-11T09:17:31.997Z"}
{"level":"info","message":"Starting the express app","timestamp":"2018-08-11T09:18:46.366Z"}
{"level":"info","message":"Started the express microservice.","timestamp":"2018-08-11T09:18:46.406Z"}
{"level":"info","message":"Starting the express app","timestamp":"2018-08-11T09:19:13.379Z"}
{"level":"info","message":"Started the express microservice.","timestamp":"2018-08-11T09:19:13.438Z"}
{"level":"info","message":"Starting the express app","timestamp":"2018-08-11T09:19:40.622Z"}
{"level":"info","message":"Started the express microservice.","timestamp":"2018-08-11T09:19:40.663Z"}
{"level":"info","message":"Starting the express app","timestamp":"2018-08-11T09:22:01.554Z"}
{"level":"info","message":"Started the express microservice.","timestamp":"2018-08-11T09:22:01.604Z"}
{"level":"info","message":"Starting the express app","timestamp":"2018-08-11T09:22:28.244Z"}
{"level":"info","message":"Started the express microservice.","timestamp":"2018-08-11T09:22:28.287Z"}
{"level":"info","message":"Starting the express app","timestamp":"2018-08-11T09:27:34.992Z"}
{"level":"info","message":"Started the express microservice.","timestamp":"2018-08-11T09:27:35.049Z"}
{"level":"info","message":"Starting the express app","timestamp":"2018-08-11T09:28:06.125Z"}
{"level":"info","message":"Started the express microservice.","timestamp":"2018-08-11T09:28:06.169Z"}
{"level":"info","message":"Starting the express app","timestamp":"2018-08-11T09:28:12.388Z"}
{"level":"info","message":"Started the express microservice.","timestamp":"2018-08-11T09:28:12.428Z"}
{"level":"info","message":"Starting the express app","timestamp":"2018-08-11T09:29:17.101Z"}
{"level":"info","message":"Started the express microservice.","timestamp":"2018-08-11T09:29:17.145Z"}
{"level":"info","message":"Starting the express app","timestamp":"2018-08-11T09:29:27.463Z"}
{"level":"info","message":"Started the express microservice.","timestamp":"2018-08-11T09:29:27.500Z"}
{"level":"info","message":"Starting the express app","timestamp":"2018-08-11T09:32:24.896Z"}
{"level":"info","message":"Started the express microservice.","timestamp":"2018-08-11T09:32:24.930Z"}
{"level":"info","message":"Starting the express app","timestamp":"2018-08-11T09:35:58.445Z"}
{"level":"info","message":"Started the express microservice.","timestamp":"2018-08-11T09:35:58.486Z"}
{"level":"info","message":"Starting the express app","timestamp":"2018-08-11T09:36:14.012Z"}
{"level":"info","message":"Started the express microservice.","timestamp":"2018-08-11T09:36:14.064Z"}
{"level":"info","message":"Starting the express app","timestamp":"2018-08-11T10:05:00.548Z"}
{"level":"info","message":"Started the express microservice.","timestamp":"2018-08-11T10:05:00.599Z"}
{"level":"info","message":"Starting the express app","timestamp":"2018-08-11T10:19:10.479Z"}
{"level":"info","message":"Started the express microservice.","timestamp":"2018-08-11T10:19:10.521Z"}
{"level":"info","message":"Starting the express app","timestamp":"2018-08-11T10:20:39.839Z"}
{"level":"info","message":"Started the express microservice.","timestamp":"2018-08-11T10:20:39.887Z"}
{"level":"info","message":"Starting the express app","timestamp":"2018-08-11T10:20:56.256Z"}
{"level":"info","message":"Started the express microservice.","timestamp":"2018-08-11T10:20:56.315Z"}
{"level":"info","message":"Starting the express app","timestamp":"2018-08-11T10:21:57.549Z"}
{"level":"info","message":"Started the express microservice.","timestamp":"2018-08-11T10:21:57.600Z"}
{"level":"info","message":"Starting the express app","timestamp":"2018-08-11T10:27:44.860Z"}
{"level":"info","message":"Started the express microservice.","timestamp":"2018-08-11T10:27:44.901Z"}
{"level":"info","message":"Starting the express app","timestamp":"2018-08-11T10:28:55.785Z"}
{"level":"info","message":"Started the express microservice.","timestamp":"2018-08-11T10:28:55.827Z"}
{"level":"info","message":"Starting the express app","timestamp":"2018-08-11T10:29:35.215Z"}
{"level":"info","message":"Started the express microservice.","timestamp":"2018-08-11T10:29:35.262Z"}
{"level":"info","message":"Starting the express app","timestamp":"2018-08-11T10:29:59.391Z"}
{"level":"info","message":"Started the express microservice.","timestamp":"2018-08-11T10:29:59.437Z"}
{"level":"info","message":"Starting the express app","timestamp":"2018-08-11T10:30:51.708Z"}
{"level":"info","message":"Started the express microservice.","timestamp":"2018-08-11T10:30:51.760Z"}
{"level":"info","message":"Starting the express app","timestamp":"2018-08-11T10:31:09.651Z"}
{"level":"info","message":"Started the express microservice.","timestamp":"2018-08-11T10:31:09.695Z"}
{"level":"info","message":"Starting the express app","timestamp":"2018-08-11T10:32:07.934Z"}
{"level":"info","message":"Started the express microservice.","timestamp":"2018-08-11T10:32:07.980Z"}
{"level":"info","message":"Starting the express app","timestamp":"2018-08-11T10:32:24.313Z"}
{"level":"info","message":"Started the express microservice.","timestamp":"2018-08-11T10:32:24.364Z"}
{"level":"info","message":"Starting the express app","timestamp":"2018-08-11T10:33:52.087Z"}
{"level":"info","message":"Started the express microservice.","timestamp":"2018-08-11T10:33:52.133Z"}
{"level":"info","message":"Starting the express app","timestamp":"2018-08-11T10:35:12.344Z"}
{"level":"info","message":"Started the express microservice.","timestamp":"2018-08-11T10:35:12.397Z"}
{"level":"info","message":"Starting the express app","timestamp":"2018-08-11T10:35:22.743Z"}
{"level":"info","message":"Started the express microservice.","timestamp":"2018-08-11T10:35:22.788Z"}
{"level":"info","message":"Starting the express app","timestamp":"2018-08-11T10:38:03.057Z"}
{"level":"info","message":"Started the express microservice.","timestamp":"2018-08-11T10:38:03.114Z"}
{"level":"info","message":"Starting the express app","timestamp":"2018-08-11T10:38:57.635Z"}
{"level":"info","message":"Started the express microservice.","timestamp":"2018-08-11T10:38:57.719Z"}
{"level":"info","message":"Starting the express app","timestamp":"2018-08-11T10:41:08.121Z"}
{"level":"info","message":"Started the express microservice.","timestamp":"2018-08-11T10:41:08.171Z"}
{"level":"info","message":"Starting the express app","timestamp":"2018-08-11T10:42:19.603Z"}
{"level":"info","message":"Started the express microservice.","timestamp":"2018-08-11T10:42:19.655Z"}
{"level":"info","message":"Starting the express app","timestamp":"2018-08-11T10:43:18.048Z"}
{"level":"info","message":"Started the express microservice.","timestamp":"2018-08-11T10:43:18.090Z"}
{"level":"info","message":"Starting the express app","timestamp":"2018-08-11T10:44:29.146Z"}
{"level":"info","message":"Started the express microservice.","timestamp":"2018-08-11T10:44:29.185Z"}
{"level":"info","message":"Starting the express app","timestamp":"2018-08-11T10:45:16.656Z"}
{"level":"info","message":"Started the express microservice.","timestamp":"2018-08-11T10:45:16.708Z"}
{"level":"info","message":"Starting the express app","timestamp":"2018-08-11T10:47:43.235Z"}
{"level":"info","message":"Started the express microservice.","timestamp":"2018-08-11T10:47:43.287Z"}
{"level":"info","message":"Starting the express app","timestamp":"2018-08-11T10:50:56.601Z"}
{"level":"info","message":"Started the express microservice.","timestamp":"2018-08-11T10:50:56.677Z"}
{"level":"info","message":"Starting the express app","timestamp":"2018-08-11T10:51:16.521Z"}
{"level":"info","message":"Started the express microservice.","timestamp":"2018-08-11T10:51:16.563Z"}
{"level":"info","message":"Starting the express app","timestamp":"2018-08-11T10:53:14.279Z"}
{"level":"info","message":"Started the express microservice.","timestamp":"2018-08-11T10:53:14.334Z"}
{"level":"info","message":"Starting the express app","timestamp":"2018-08-11T10:57:34.046Z"}
{"level":"info","message":"Started the express microservice.","timestamp":"2018-08-11T10:57:34.110Z"}
{"level":"info","message":"Starting the express app","timestamp":"2018-08-11T10:58:05.331Z"}
{"level":"info","message":"Started the express microservice.","timestamp":"2018-08-11T10:58:05.386Z"}
{"level":"info","message":"Starting the express app","timestamp":"2018-08-11T10:59:39.305Z"}
{"level":"info","message":"Started the express microservice.","timestamp":"2018-08-11T10:59:39.355Z"}
{"level":"info","message":"Starting the express app","timestamp":"2018-08-11T11:00:27.939Z"}
{"level":"info","message":"Started the express microservice.","timestamp":"2018-08-11T11:00:27.987Z"}
{"level":"info","message":"Starting the express app","timestamp":"2018-08-11T11:01:12.577Z"}
{"level":"info","message":"Started the express microservice.","timestamp":"2018-08-11T11:01:12.625Z"}
{"level":"info","message":"Starting the express app","timestamp":"2018-08-11T11:01:43.959Z"}
{"level":"info","message":"Started the express microservice.","timestamp":"2018-08-11T11:01:44.030Z"}
{"level":"info","message":"Starting the express app","timestamp":"2018-08-11T11:02:59.887Z"}
{"level":"info","message":"Started the express microservice.","timestamp":"2018-08-11T11:02:59.928Z"}
{"level":"info","message":"Starting the express app","timestamp":"2018-08-11T11:03:15.514Z"}
{"level":"info","message":"Started the express microservice.","timestamp":"2018-08-11T11:03:15.556Z"}
{"level":"info","message":"Starting the express app","timestamp":"2018-08-11T11:04:00.338Z"}
{"level":"info","message":"Started the express microservice.","timestamp":"2018-08-11T11:04:00.419Z"}
{"level":"info","message":"Starting the express app","timestamp":"2018-08-11T11:05:39.285Z"}
{"level":"info","message":"Started the express microservice.","timestamp":"2018-08-11T11:05:39.325Z"}
{"level":"info","message":"Starting the express app","timestamp":"2018-08-11T11:06:14.204Z"}
{"level":"info","message":"Started the express microservice.","timestamp":"2018-08-11T11:06:14.249Z"}
{"level":"info","message":"Starting the express app","timestamp":"2018-08-11T11:14:23.989Z"}
{"level":"info","message":"Started the express microservice.","timestamp":"2018-08-11T11:14:24.039Z"}
{"level":"info","message":"Starting the express app","timestamp":"2018-08-11T11:16:58.064Z"}
{"level":"info","message":"Started the express microservice.","timestamp":"2018-08-11T11:16:58.116Z"}
{"level":"info","message":"Starting the express app","timestamp":"2018-08-11T11:17:38.114Z"}
{"level":"info","message":"Started the express microservice.","timestamp":"2018-08-11T11:17:38.162Z"}
{"level":"info","message":"Starting the express app","timestamp":"2018-08-11T11:18:16.509Z"}
{"level":"info","message":"Started the express microservice.","timestamp":"2018-08-11T11:18:16.564Z"}
{"level":"info","message":"Starting the express app","timestamp":"2018-08-11T11:19:37.369Z"}
{"level":"info","message":"Started the express microservice.","timestamp":"2018-08-11T11:19:37.421Z"}
